2024-07-02 17:07:396 INFO  HomePage :22 - click on bank manager login tab[[ChromeDriver: chrome on windows (c2cec823aeec78f489e39ce74c4b98d0)] -> xpath: //button[@ng-click='manager()']]
2024-07-02 17:07:891 INFO  BankManagerLoginPage :26 - click on add customer tab[[ChromeDriver: chrome on windows (c2cec823aeec78f489e39ce74c4b98d0)] -> xpath: //button[@ng-click='addCust()']]
2024-07-02 17:07:929 INFO  HomePage :22 - click on bank manager login tab[[ChromeDriver: chrome on windows (c71e1bef191e6eafa0aeae62167e6df6)] -> xpath: //button[@ng-click='manager()']]
2024-07-02 17:07:404 INFO  BankManagerLoginPage :26 - click on add customer tab[[ChromeDriver: chrome on windows (c71e1bef191e6eafa0aeae62167e6df6)] -> xpath: //button[@ng-click='addCust()']]
2024-07-02 21:07:420 INFO  AccountPage :24 - click on bank manager login tab[[ChromeDriver: chrome on windows (ccfc0891d178303e663156b449e6d502)] -> xpath: //button[@ng-click='manager()']]
2024-07-02 21:07:916 INFO  AccountPage :27 - click on add customer tab[[ChromeDriver: chrome on windows (ccfc0891d178303e663156b449e6d502)] -> xpath: //button[@ng-click='addCust()']]
2024-07-02 21:07:253 INFO  AccountPage :24 - click on bank manager login tab[[ChromeDriver: chrome on windows (5176e3ea3561948f2a84a9bbb2739808)] -> xpath: //button[@ng-click='manager()']]
2024-07-02 21:07:798 INFO  AccountPage :32 - click on open account tab[[ChromeDriver: chrome on windows (5176e3ea3561948f2a84a9bbb2739808)] -> xpath: //button[@ng-click='openAccount()']]
2024-07-02 21:07:956 INFO  AccountPage :29 - click on customer login tab[[ChromeDriver: chrome on windows (0db0f15bd361c2602930b16c901b7456)] -> xpath: //button[@ng-click='customer()']]
2024-07-02 21:07:496 INFO  AccountPage :29 - click on customer login tab[[ChromeDriver: chrome on windows (4cf1f8cefccd4f5ad37e43e762807575)] -> xpath: //button[@ng-click='customer()']]
2024-07-02 21:07:985 INFO  AccountPage :29 - click on customer login tab[[ChromeDriver: chrome on windows (4f4b0faf23e2f74006c851265804bccf)] -> xpath: //button[@ng-click='customer()']]
2024-07-02 21:07:467 INFO  AccountPage :24 - click on bank manager login tab[[ChromeDriver: chrome on windows (c61f19b82e6d1bf473ec337e13eb5ac1)] -> xpath: //button[@ng-click='manager()']]
2024-07-02 21:07:970 INFO  AccountPage :27 - click on add customer tab[[ChromeDriver: chrome on windows (c61f19b82e6d1bf473ec337e13eb5ac1)] -> xpath: //button[@ng-click='addCust()']]
2024-07-02 21:07:414 INFO  AccountPage :24 - click on bank manager login tab[[ChromeDriver: chrome on windows (91484ae3d658be394c029107cc78899b)] -> xpath: //button[@ng-click='manager()']]
2024-07-02 21:07:896 INFO  AccountPage :32 - click on open account tab[[ChromeDriver: chrome on windows (91484ae3d658be394c029107cc78899b)] -> xpath: //button[@ng-click='openAccount()']]
2024-07-02 21:07:443 INFO  AccountPage :26 - select customer from list[[ChromeDriver: chrome on windows (91484ae3d658be394c029107cc78899b)] -> id: userSelect]
2024-07-02 21:07:566 INFO  AccountPage :33 - select currency from list[[ChromeDriver: chrome on windows (91484ae3d658be394c029107cc78899b)] -> id: currency]
2024-07-02 21:07:960 INFO  AccountPage :29 - click on customer login tab[[ChromeDriver: chrome on windows (525e52e9919b0fa5990c1237473fb24c)] -> xpath: //button[@ng-click='customer()']]
2024-07-02 21:07:344 INFO  AccountPage :29 - click on customer login tab[[ChromeDriver: chrome on windows (871fc7b31c6a24ef39a9cc91d3cafc22)] -> xpath: //button[@ng-click='customer()']]
2024-07-02 21:07:791 INFO  AccountPage :29 - click on customer login tab[[ChromeDriver: chrome on windows (36563f69829b9c0a233b84fb8b7227bb)] -> xpath: //button[@ng-click='customer()']]
2024-07-02 21:07:428 INFO  AccountPage :24 - click on bank manager login tab[[ChromeDriver: chrome on windows (c285e4e2fdd2ef282cc864801f14ebe3)] -> xpath: //button[@ng-click='manager()']]
2024-07-02 21:07:900 INFO  AccountPage :27 - click on add customer tab[[ChromeDriver: chrome on windows (c285e4e2fdd2ef282cc864801f14ebe3)] -> xpath: //button[@ng-click='addCust()']]
2024-07-02 21:07:872 INFO  AccountPage :24 - click on bank manager login tab[[ChromeDriver: chrome on windows (e28b14df5bcd1af6bb245483227e2bb1)] -> xpath: //button[@ng-click='manager()']]
2024-07-02 21:07:384 INFO  AccountPage :32 - click on open account tab[[ChromeDriver: chrome on windows (e28b14df5bcd1af6bb245483227e2bb1)] -> xpath: //button[@ng-click='openAccount()']]
2024-07-02 21:07:963 INFO  AccountPage :26 - select customer from list[[ChromeDriver: chrome on windows (e28b14df5bcd1af6bb245483227e2bb1)] -> id: userSelect]
2024-07-02 21:07:105 INFO  AccountPage :33 - select currency from list[[ChromeDriver: chrome on windows (e28b14df5bcd1af6bb245483227e2bb1)] -> id: currency]
2024-07-02 21:07:212 INFO  AccountPage :29 - click on customer login tab[[ChromeDriver: chrome on windows (e8a4db2f14da5d19bfc7845e078dd02c)] -> xpath: //button[@ng-click='customer()']]
2024-07-02 21:07:250 INFO  AccountPage :29 - click on customer login tab[[ChromeDriver: chrome on windows (3d1bf9d8e8fb3eca576fd7647ca4947e)] -> xpath: //button[@ng-click='customer()']]
2024-07-02 21:07:140 INFO  AccountPage :29 - click on customer login tab[[ChromeDriver: chrome on windows (b1882af4aa6e1f871132a9f4a38a2d79)] -> xpath: //button[@ng-click='customer()']]
2024-07-02 21:07:184 INFO  AccountPage :24 - click on bank manager login tab[[ChromeDriver: chrome on windows (e571d601f68f7a44ff00aaa1b448f28d)] -> xpath: //button[@ng-click='manager()']]
2024-07-02 21:07:654 INFO  AccountPage :27 - click on add customer tab[[ChromeDriver: chrome on windows (e571d601f68f7a44ff00aaa1b448f28d)] -> xpath: //button[@ng-click='addCust()']]
2024-07-02 21:07:315 INFO  AccountPage :24 - click on bank manager login tab[[ChromeDriver: chrome on windows (ad65d7cfa02f9c5fbfd621bc9f3965c5)] -> xpath: //button[@ng-click='manager()']]
2024-07-02 21:07:823 INFO  AccountPage :32 - click on open account tab[[ChromeDriver: chrome on windows (ad65d7cfa02f9c5fbfd621bc9f3965c5)] -> xpath: //button[@ng-click='openAccount()']]
2024-07-02 21:07:369 INFO  AccountPage :26 - select customer from list[[ChromeDriver: chrome on windows (ad65d7cfa02f9c5fbfd621bc9f3965c5)] -> id: userSelect]
2024-07-02 21:07:481 INFO  AccountPage :40 - select currency from list[[ChromeDriver: chrome on windows (ad65d7cfa02f9c5fbfd621bc9f3965c5)] -> id: currency]
2024-07-02 21:07:393 INFO  AccountPage :29 - click on customer login tab[[ChromeDriver: chrome on windows (685bf2a36854708b3c66b1ab5f250445)] -> xpath: //button[@ng-click='customer()']]
2024-07-02 21:07:950 INFO  AccountPage :35 - select customer form list[[ChromeDriver: chrome on windows (685bf2a36854708b3c66b1ab5f250445)] -> id: userSelect]
2024-07-02 21:07:629 INFO  AccountPage :20 - Click on Login button[[ChromeDriver: chrome on windows (685bf2a36854708b3c66b1ab5f250445)] -> xpath: //button[contains(text(),'Login')]]
2024-07-02 21:07:657 INFO  AccountPage :35 - Get Logout text 
2024-07-02 21:07:290 INFO  AccountPage :41 - Click on Logout tab[[ChromeDriver: chrome on windows (685bf2a36854708b3c66b1ab5f250445)] -> xpath: //button[@ng-show='logout']]
2024-07-02 21:07:371 INFO  AccountPage :70 - Get Success Message text 
2024-07-02 21:07:942 INFO  AccountPage :29 - click on customer login tab[[ChromeDriver: chrome on windows (a36fb3ecdf5f0b7b0a9341bf23a4ba40)] -> xpath: //button[@ng-click='customer()']]
2024-07-02 21:07:490 INFO  AccountPage :35 - select customer form list[[ChromeDriver: chrome on windows (a36fb3ecdf5f0b7b0a9341bf23a4ba40)] -> id: userSelect]
2024-07-02 21:07:523 INFO  AccountPage :20 - Click on Login button[[ChromeDriver: chrome on windows (a36fb3ecdf5f0b7b0a9341bf23a4ba40)] -> xpath: //button[contains(text(),'Login')]]
2024-07-02 21:07:10 INFO  AccountPage :46 - Click on deposit tab[[ChromeDriver: chrome on windows (a36fb3ecdf5f0b7b0a9341bf23a4ba40)] -> xpath: //button[@ng-click='deposit()']]
2024-07-02 21:07:532 INFO  AccountPage :56 - Enter amount [[ChromeDriver: chrome on windows (a36fb3ecdf5f0b7b0a9341bf23a4ba40)] -> xpath: //input[@placeholder='amount']][[ChromeDriver: chrome on windows (a36fb3ecdf5f0b7b0a9341bf23a4ba40)] -> xpath: //input[@placeholder='amount']]
2024-07-02 21:07:587 INFO  AccountPage :61 - Click on deposit button[[ChromeDriver: chrome on windows (a36fb3ecdf5f0b7b0a9341bf23a4ba40)] -> xpath: //button[contains(text(),'Deposit')][@type='submit']]
2024-07-02 21:07:253 INFO  AccountPage :29 - click on customer login tab[[ChromeDriver: chrome on windows (45eda045f70d3e7efa70a6a0bad938cd)] -> xpath: //button[@ng-click='customer()']]
2024-07-02 21:07:788 INFO  AccountPage :35 - select customer form list[[ChromeDriver: chrome on windows (45eda045f70d3e7efa70a6a0bad938cd)] -> id: userSelect]
2024-07-02 21:07:737 INFO  AccountPage :20 - Click on Login button[[ChromeDriver: chrome on windows (45eda045f70d3e7efa70a6a0bad938cd)] -> xpath: //button[contains(text(),'Login')]]
2024-07-02 21:07:234 INFO  AccountPage :51 - Click on withdrawal tab[[ChromeDriver: chrome on windows (45eda045f70d3e7efa70a6a0bad938cd)] -> xpath: //button[@ng-click='withdrawl()']]
2024-07-02 21:07:747 INFO  AccountPage :56 - Enter amount [[ChromeDriver: chrome on windows (45eda045f70d3e7efa70a6a0bad938cd)] -> xpath: //input[@placeholder='amount']][[ChromeDriver: chrome on windows (45eda045f70d3e7efa70a6a0bad938cd)] -> xpath: //input[@placeholder='amount']]
2024-07-02 21:07:809 INFO  AccountPage :66 - Click on withdraw button[[ChromeDriver: chrome on windows (45eda045f70d3e7efa70a6a0bad938cd)] -> xpath: //button[contains(text(),'Withdraw')][@type='submit']]
2024-07-02 22:07:559 INFO  AccountPage :24 - click on bank manager login tab[[ChromeDriver: chrome on windows (6d8ca5aeb481de1739c279d3382fc16b)] -> xpath: //button[@ng-click='manager()']]
2024-07-02 22:07:26 INFO  AccountPage :27 - click on add customer tab[[ChromeDriver: chrome on windows (6d8ca5aeb481de1739c279d3382fc16b)] -> xpath: //button[@ng-click='addCust()']]
2024-07-02 22:07:137 INFO  AccountPage :24 - click on bank manager login tab[[ChromeDriver: chrome on windows (3a2dbe7d1676470b4108864934fc566a)] -> xpath: //button[@ng-click='manager()']]
2024-07-02 22:07:631 INFO  AccountPage :32 - click on open account tab[[ChromeDriver: chrome on windows (3a2dbe7d1676470b4108864934fc566a)] -> xpath: //button[@ng-click='openAccount()']]
2024-07-02 22:07:189 INFO  AccountPage :26 - select customer from list[[ChromeDriver: chrome on windows (3a2dbe7d1676470b4108864934fc566a)] -> id: userSelect]
2024-07-02 22:07:317 INFO  AccountPage :40 - select currency from list[[ChromeDriver: chrome on windows (3a2dbe7d1676470b4108864934fc566a)] -> id: currency]
2024-07-02 22:07:125 INFO  AccountPage :29 - click on customer login tab[[ChromeDriver: chrome on windows (5200b960303fd613cda680aaa6fe5e89)] -> xpath: //button[@ng-click='customer()']]
2024-07-02 22:07:338 INFO  AccountPage :24 - click on bank manager login tab[[ChromeDriver: chrome on windows (bf707737276eb05d026c765d94f7f0e2)] -> xpath: //button[@ng-click='manager()']]
2024-07-02 22:07:829 INFO  AccountPage :27 - click on add customer tab[[ChromeDriver: chrome on windows (bf707737276eb05d026c765d94f7f0e2)] -> xpath: //button[@ng-click='addCust()']]
2024-07-02 22:07:330 INFO  AccountPage :24 - click on bank manager login tab[[ChromeDriver: chrome on windows (f146fa8bfe7f0bb0bdbd2793ac3d99bf)] -> xpath: //button[@ng-click='manager()']]
2024-07-02 22:07:808 INFO  AccountPage :32 - click on open account tab[[ChromeDriver: chrome on windows (f146fa8bfe7f0bb0bdbd2793ac3d99bf)] -> xpath: //button[@ng-click='openAccount()']]
2024-07-02 22:07:356 INFO  AccountPage :35 - select customer form list[[ChromeDriver: chrome on windows (f146fa8bfe7f0bb0bdbd2793ac3d99bf)] -> id: userSelect]
2024-07-02 22:07:442 INFO  AccountPage :20 - select customer from list[[ChromeDriver: chrome on windows (f146fa8bfe7f0bb0bdbd2793ac3d99bf)] -> id: userSelect]
2024-07-02 22:07:571 INFO  AccountPage :40 - select currency from list[[ChromeDriver: chrome on windows (f146fa8bfe7f0bb0bdbd2793ac3d99bf)] -> id: currency]
2024-07-02 22:07:164 INFO  AccountPage :29 - click on customer login tab[[ChromeDriver: chrome on windows (95d98220cf47b938c93041be2a7caabe)] -> xpath: //button[@ng-click='customer()']]
2024-07-02 22:07:706 INFO  AccountPage :35 - select customer form list[[ChromeDriver: chrome on windows (95d98220cf47b938c93041be2a7caabe)] -> id: userSelect]
2024-07-02 22:07:789 INFO  AccountPage :20 - select customer from list[[ChromeDriver: chrome on windows (95d98220cf47b938c93041be2a7caabe)] -> id: userSelect]
2024-07-02 22:07:854 INFO  AccountPage :20 - Click on Login button[[ChromeDriver: chrome on windows (95d98220cf47b938c93041be2a7caabe)] -> xpath: //button[contains(text(),'Login')]]
2024-07-02 22:07:882 INFO  AccountPage :35 - Get Logout text 
2024-07-02 22:07:332 INFO  AccountPage :41 - Click on Logout tab[[ChromeDriver: chrome on windows (95d98220cf47b938c93041be2a7caabe)] -> xpath: //button[@ng-show='logout']]
2024-07-02 22:07:334 INFO  AccountPage :29 - click on customer login tab[[ChromeDriver: chrome on windows (3e305766f5d2ffdb48ecc6ac735b05c3)] -> xpath: //button[@ng-click='customer()']]
2024-07-02 22:07:935 INFO  AccountPage :35 - select customer form list[[ChromeDriver: chrome on windows (3e305766f5d2ffdb48ecc6ac735b05c3)] -> id: userSelect]
2024-07-02 22:07:57 INFO  AccountPage :20 - select customer from list[[ChromeDriver: chrome on windows (3e305766f5d2ffdb48ecc6ac735b05c3)] -> id: userSelect]
2024-07-02 22:07:145 INFO  AccountPage :20 - Click on Login button[[ChromeDriver: chrome on windows (3e305766f5d2ffdb48ecc6ac735b05c3)] -> xpath: //button[contains(text(),'Login')]]
2024-07-02 22:07:657 INFO  AccountPage :46 - Click on deposit tab[[ChromeDriver: chrome on windows (3e305766f5d2ffdb48ecc6ac735b05c3)] -> xpath: //button[@ng-click='deposit()']]
2024-07-02 22:07:189 INFO  AccountPage :56 - Enter amount [[ChromeDriver: chrome on windows (3e305766f5d2ffdb48ecc6ac735b05c3)] -> xpath: //input[@placeholder='amount']][[ChromeDriver: chrome on windows (3e305766f5d2ffdb48ecc6ac735b05c3)] -> xpath: //input[@placeholder='amount']]
2024-07-02 22:07:254 INFO  AccountPage :61 - Click on deposit button[[ChromeDriver: chrome on windows (3e305766f5d2ffdb48ecc6ac735b05c3)] -> xpath: //button[contains(text(),'Deposit')][@type='submit']]
2024-07-02 22:07:619 INFO  AccountPage :29 - click on customer login tab[[ChromeDriver: chrome on windows (c6adf8e0e8d171f0033f2680b9746778)] -> xpath: //button[@ng-click='customer()']]
2024-07-02 22:07:181 INFO  AccountPage :35 - select customer form list[[ChromeDriver: chrome on windows (c6adf8e0e8d171f0033f2680b9746778)] -> id: userSelect]
2024-07-02 22:07:294 INFO  AccountPage :20 - select customer from list[[ChromeDriver: chrome on windows (c6adf8e0e8d171f0033f2680b9746778)] -> id: userSelect]
2024-07-02 22:07:374 INFO  AccountPage :20 - Click on Login button[[ChromeDriver: chrome on windows (c6adf8e0e8d171f0033f2680b9746778)] -> xpath: //button[contains(text(),'Login')]]
2024-07-02 22:07:870 INFO  AccountPage :51 - Click on withdrawal tab[[ChromeDriver: chrome on windows (c6adf8e0e8d171f0033f2680b9746778)] -> xpath: //button[@ng-click='withdrawl()']]
2024-07-02 22:07:393 INFO  AccountPage :56 - Enter amount [[ChromeDriver: chrome on windows (c6adf8e0e8d171f0033f2680b9746778)] -> xpath: //input[@placeholder='amount']][[ChromeDriver: chrome on windows (c6adf8e0e8d171f0033f2680b9746778)] -> xpath: //input[@placeholder='amount']]
2024-07-02 22:07:468 INFO  AccountPage :66 - Click on withdraw button[[ChromeDriver: chrome on windows (c6adf8e0e8d171f0033f2680b9746778)] -> xpath: //button[contains(text(),'Withdraw')][@type='submit']]
